# JRE version: Java(TM) SE Runtime Environment (8.0_45-b14) (build 1.8.0_45-b14)
# Java VM: Java HotSpot(TM) 64-Bit Server VM (25.45-b02 mixed mode linux-amd64 compressed oops)
Heap:
 par new generation   total 1887488K, used 1121412K [0x0000000700000000, 0x0000000780000000, 0x0000000780000000)
  eden space 1677824K,  66% used [0x0000000700000000, 0x00000007445f7870, 0x0000000766680000)
  from space 209664K,   0% used [0x0000000766680000, 0x00000007667a99d8, 0x0000000773340000)
  to   space 209664K,   0% used [0x0000000773340000, 0x0000000773340000, 0x0000000780000000)
 concurrent mark-sweep generation total 1048576K, used 42907K [0x0000000780000000, 0x00000007c0000000, 0x00000007c0000000)
 Metaspace       used 50986K, capacity 52624K, committed 53104K, reserved 1095680K
  class space    used 5385K, capacity 5832K, committed 6036K, reserved 1048576K
GC Heap History (10 events):
Event: 334091.646 GC heap before
{Heap before GC invocations=4744 (full 95):
 par new generation   total 1887488K, used 1679220K [0x0000000700000000, 0x0000000780000000, 0x0000000780000000)
  eden space 1677824K, 100% used [0x0000000700000000, 0x0000000766680000, 0x0000000766680000)
  from space 209664K,   0% used [0x0000000773340000, 0x000000077349d0e0, 0x0000000780000000)
  to   space 209664K,   0% used [0x0000000766680000, 0x0000000766680000, 0x0000000773340000)
 concurrent mark-sweep generation total 1048576K, used 42055K [0x0000000780000000, 0x00000007c0000000, 0x00000007c0000000)
 Metaspace       used 50986K, capacity 52624K, committed 53104K, reserved 1095680K
  class space    used 5385K, capacity 5832K, committed 6036K, reserved 1048576K
Event: 334091.656 GC heap after
Heap after GC invocations=4745 (full 95):
 par new generation   total 1887488K, used 1288K [0x0000000700000000, 0x0000000780000000, 0x0000000780000000)
  eden space 1677824K,   0% used [0x0000000700000000, 0x0000000700000000, 0x0000000766680000)
  from space 209664K,   0% used [0x0000000766680000, 0x00000007667c2380, 0x0000000773340000)
  to   space 209664K,   0% used [0x0000000773340000, 0x0000000773340000, 0x0000000780000000)
 concurrent mark-sweep generation total 1048576K, used 42193K [0x0000000780000000, 0x00000007c0000000, 0x00000007c0000000)
 Metaspace       used 50986K, capacity 52624K, committed 53104K, reserved 1095680K
  class space    used 5385K, capacity 5832K, committed 6036K, reserved 1048576K
}
Event: 334171.401 GC heap before
{Heap before GC invocations=4745 (full 95):
 par new generation   total 1887488K, used 1679112K [0x0000000700000000, 0x0000000780000000, 0x0000000780000000)
  eden space 1677824K, 100% used [0x0000000700000000, 0x0000000766680000, 0x0000000766680000)
  from space 209664K,   0% used [0x0000000766680000, 0x00000007667c2380, 0x0000000773340000)
  to   space 209664K,   0% used [0x0000000773340000, 0x0000000773340000, 0x0000000780000000)
 concurrent mark-sweep generation total 1048576K, used 42193K [0x0000000780000000, 0x00000007c0000000, 0x00000007c0000000)
 Metaspace       used 50986K, capacity 52624K, committed 53104K, reserved 1095680K
  class space    used 5385K, capacity 5832K, committed 6036K, reserved 1048576K
Event: 334171.413 GC heap after
Heap after GC invocations=4746 (full 95):
 par new generation   total 1887488K, used 1236K [0x0000000700000000, 0x0000000780000000, 0x0000000780000000)
  eden space 1677824K,   0% used [0x0000000700000000, 0x0000000700000000, 0x0000000766680000)
  from space 209664K,   0% used [0x0000000773340000, 0x0000000773475270, 0x0000000780000000)
  to   space 209664K,   0% used [0x0000000766680000, 0x0000000766680000, 0x0000000773340000)
 concurrent mark-sweep generation total 1048576K, used 42417K [0x0000000780000000, 0x00000007c0000000, 0x00000007c0000000)
 Metaspace       used 50986K, capacity 52624K, committed 53104K, reserved 1095680K
  class space    used 5385K, capacity 5832K, committed 6036K, reserved 1048576K
}
Event: 334244.801 GC heap before
{Heap before GC invocations=4746 (full 95):
 par new generation   total 1887488K, used 1679060K [0x0000000700000000, 0x0000000780000000, 0x0000000780000000)
  eden space 1677824K, 100% used [0x0000000700000000, 0x0000000766680000, 0x0000000766680000)
  from space 209664K,   0% used [0x0000000773340000, 0x0000000773475270, 0x0000000780000000)
  to   space 209664K,   0% used [0x0000000766680000, 0x0000000766680000, 0x0000000773340000)
 concurrent mark-sweep generation total 1048576K, used 42417K [0x0000000780000000, 0x00000007c0000000, 0x00000007c0000000)
 Metaspace       used 50986K, capacity 52624K, committed 53104K, reserved 1095680K
  class space    used 5385K, capacity 5832K, committed 6036K, reserved 1048576K
Event: 334244.820 GC heap after
Heap after GC invocations=4747 (full 95):
 par new generation   total 1887488K, used 1161K [0x0000000700000000, 0x0000000780000000, 0x0000000780000000)
  eden space 1677824K,   0% used [0x0000000700000000, 0x0000000700000000, 0x0000000766680000)
  from space 209664K,   0% used [0x0000000766680000, 0x00000007667a2500, 0x0000000773340000)
  to   space 209664K,   0% used [0x0000000773340000, 0x0000000773340000, 0x0000000780000000)
 concurrent mark-sweep generation total 1048576K, used 42600K [0x0000000780000000, 0x00000007c0000000, 0x00000007c0000000)
 Metaspace       used 50986K, capacity 52624K, committed 53104K, reserved 1095680K
  class space    used 5385K, capacity 5832K, committed 6036K, reserved 1048576K
}
Event: 334320.380 GC heap before
{Heap before GC invocations=4747 (full 95):
 par new generation   total 1887488K, used 1678985K [0x0000000700000000, 0x0000000780000000, 0x0000000780000000)
  eden space 1677824K, 100% used [0x0000000700000000, 0x0000000766680000, 0x0000000766680000)
  from space 209664K,   0% used [0x0000000766680000, 0x00000007667a2500, 0x0000000773340000)
  to   space 209664K,   0% used [0x0000000773340000, 0x0000000773340000, 0x0000000780000000)
 concurrent mark-sweep generation total 1048576K, used 42600K [0x0000000780000000, 0x00000007c0000000, 0x00000007c0000000)
 Metaspace       used 50986K, capacity 52624K, committed 53104K, reserved 1095680K
  class space    used 5385K, capacity 5832K, committed 6036K, reserved 1048576K
Event: 334320.392 GC heap after
Heap after GC invocations=4748 (full 95):
 par new generation   total 1887488K, used 1527K [0x0000000700000000, 0x0000000780000000, 0x0000000780000000)
  eden space 1677824K,   0% used [0x0000000700000000, 0x0000000700000000, 0x0000000766680000)
  from space 209664K,   0% used [0x0000000773340000, 0x00000007734bdf70, 0x0000000780000000)
  to   space 209664K,   0% used [0x0000000766680000, 0x0000000766680000, 0x0000000773340000)
 concurrent mark-sweep generation total 1048576K, used 42759K [0x0000000780000000, 0x00000007c0000000, 0x00000007c0000000)
 Metaspace       used 50986K, capacity 52624K, committed 53104K, reserved 1095680K
  class space    used 5385K, capacity 5832K, committed 6036K, reserved 1048576K
}
Event: 334383.905 GC heap before
{Heap before GC invocations=4748 (full 95):
 par new generation   total 1887488K, used 1679351K [0x0000000700000000, 0x0000000780000000, 0x0000000780000000)
  eden space 1677824K, 100% used [0x0000000700000000, 0x0000000766680000, 0x0000000766680000)
  from space 209664K,   0% used [0x0000000773340000, 0x00000007734bdf70, 0x0000000780000000)
  to   space 209664K,   0% used [0x0000000766680000, 0x0000000766680000, 0x0000000773340000)
 concurrent mark-sweep generation total 1048576K, used 42759K [0x0000000780000000, 0x00000007c0000000, 0x00000007c0000000)
 Metaspace       used 50986K, capacity 52624K, committed 53104K, reserved 1095680K
  class space    used 5385K, capacity 5832K, committed 6036K, reserved 1048576K
Event: 334383.917 GC heap after
Heap after GC invocations=4749 (full 95):
 par new generation   total 1887488K, used 1190K [0x0000000700000000, 0x0000000780000000, 0x0000000780000000)
  eden space 1677824K,   0% used [0x0000000700000000, 0x0000000700000000, 0x0000000766680000)
  from space 209664K,   0% used [0x0000000766680000, 0x00000007667a99d8, 0x0000000773340000)
  to   space 209664K,   0% used [0x0000000773340000, 0x0000000773340000, 0x0000000780000000)
 concurrent mark-sweep generation total 1048576K, used 42907K [0x0000000780000000, 0x00000007c0000000, 0x00000007c0000000)
 Metaspace       used 50986K, capacity 52624K, committed 53104K, reserved 1095680K
  class space    used 5385K, capacity 5832K, committed 6036K, reserved 1048576K
}

